[27.10.2022 19:57:26 ] [INFO] [main] [<module>: 8] => Start
[27.10.2022 19:57:31 ] [INFO] [user_interface] [ls_menu: 22] => The user has selected item number 1
[27.10.2022 19:57:38 ] [INFO] [user_interface] [ls_menu: 44] => The user has selected item number 5
[27.10.2022 19:57:47 ] [INFO] [user_interface] [ls_menu: 46] => User entered: {name}
[27.10.2022 19:57:56 ] [INFO] [user_interface] [ls_menu: 48] => User entered: {surname}
[27.10.2022 19:58:00 ] [INFO] [user_interface] [ls_menu: 50] => User entered: {number}
[27.10.2022 19:58:13 ] [INFO] [user_interface] [ls_menu: 52] => User entered: {email}
[27.10.2022 19:58:17 ] [INFO] [user_interface] [ls_menu: 22] => The user has selected item number 1
[27.10.2022 19:59:34 ] [INFO] [user_interface] [ñhecking_the_number: 156] => User entered an invalid menu value: {arg}
[27.10.2022 19:59:42 ] [INFO] [user_interface] [ls_menu: 44] => The user has selected item number 5
[27.10.2022 19:59:52 ] [INFO] [user_interface] [ls_menu: 46] => User entered: {name}
[27.10.2022 19:59:54 ] [INFO] [user_interface] [ls_menu: 48] => User entered: {surname}
[27.10.2022 19:59:55 ] [INFO] [user_interface] [ls_menu: 50] => User entered: {number}
[27.10.2022 19:59:56 ] [INFO] [user_interface] [ls_menu: 52] => User entered: {email}
[27.10.2022 19:59:58 ] [INFO] [user_interface] [ls_menu: 22] => The user has selected item number 1
[27.10.2022 20:02:47 ] [INFO] [user_interface] [ñhecking_the_number: 156] => User entered an invalid menu value: {arg}
[27.10.2022 20:02:50 ] [INFO] [user_interface] [ls_menu: 22] => The user has selected item number 1
[27.10.2022 20:03:16 ] [INFO] [user_interface] [ñhecking_the_number: 156] => User entered an invalid menu value: {arg}
[27.10.2022 20:03:19 ] [INFO] [user_interface] [ls_menu: 44] => The user has selected item number 5
[27.10.2022 20:03:23 ] [INFO] [user_interface] [ls_menu: 46] => User entered: {name}
[27.10.2022 20:03:27 ] [INFO] [user_interface] [ls_menu: 48] => User entered: {surname}
[27.10.2022 20:03:35 ] [INFO] [user_interface] [ls_menu: 50] => User entered: {number}
[27.10.2022 20:03:58 ] [INFO] [user_interface] [ls_menu: 52] => User entered: {email}
[27.10.2022 20:04:00 ] [INFO] [user_interface] [ls_menu: 22] => The user has selected item number 1
[27.10.2022 20:08:27 ] [INFO] [user_interface] [ñhecking_the_number: 156] => User entered an invalid menu value: {arg}
[27.10.2022 20:08:32 ] [INFO] [user_interface] [ls_menu: 141] => End
[27.10.2022 20:08:35 ] [INFO] [main] [<module>: 8] => Start
[27.10.2022 20:08:39 ] [INFO] [user_interface] [ls_menu: 44] => The user has selected item number 5
[27.10.2022 20:08:41 ] [INFO] [user_interface] [ls_menu: 46] => User entered: {name}
[27.10.2022 20:08:48 ] [INFO] [user_interface] [ls_menu: 48] => User entered: {surname}
[27.10.2022 20:08:50 ] [INFO] [user_interface] [ls_menu: 50] => User entered: {number}
[27.10.2022 20:08:51 ] [INFO] [user_interface] [ls_menu: 52] => User entered: {email}
[27.10.2022 20:11:20 ] [INFO] [main] [<module>: 8] => Start
[27.10.2022 20:11:22 ] [INFO] [user_interface] [ls_menu: 22] => The user has selected item number 1
[27.10.2022 20:11:30 ] [INFO] [user_interface] [ls_menu: 101] => The user has selected item number 7
[27.10.2022 20:11:40 ] [INFO] [user_interface] [ls_menu: 117] => The user has selected item number 7.2
[27.10.2022 20:11:47 ] [INFO] [user_interface] [ls_menu: 119] => User entered: {search}
[27.10.2022 20:11:52 ] [INFO] [user_interface] [ls_menu: 122] => User entered: {user_id}
[27.10.2022 20:11:54 ] [INFO] [user_interface] [ls_menu: 22] => The user has selected item number 1
[27.10.2022 20:13:23 ] [INFO] [user_interface] [ls_menu: 141] => End
[27.10.2022 20:22:33 ] [INFO] [main] [<module>: 8] => Start
[27.10.2022 20:27:32 ] [INFO] [main] [<module>: 8] => Start
[27.10.2022 20:28:44 ] [INFO] [main] [<module>: 8] => Start
[27.10.2022 20:28:49 ] [INFO] [user_interface] [ls_menu: 22] => The user has selected item number 1
[27.10.2022 20:30:02 ] [INFO] [user_interface] [ñhecking_the_number: 156] => User entered an invalid menu value: {arg}
[27.10.2022 20:30:05 ] [INFO] [user_interface] [ls_menu: 141] => End
[27.10.2022 20:34:20 ] [INFO] [main] [<module>: 8] => Start
[27.10.2022 20:34:24 ] [INFO] [user_interface] [ls_menu: 22] => The user has selected item number 1
[27.10.2022 20:34:28 ] [INFO] [user_interface] [ls_menu: 26] => The user has selected item number 2
[27.10.2022 20:34:37 ] [INFO] [user_interface] [ls_menu: 28] => User entered: {search}
[27.10.2022 20:34:45 ] [INFO] [user_interface] [ls_menu: 22] => The user has selected item number 1
[27.10.2022 20:34:50 ] [INFO] [user_interface] [ls_menu: 141] => End
